#
# A fatal error has been detected by the Java Runtime Environment:
#
#  Internal Error (safepoint.cpp:691), pid=1400, tid=0x0000000000002c58
#  fatal error: Deadlock in safepoint code.  Should have called back to the VM before blocking.
#
# JRE version: Java(TM) SE Runtime Environment (8.0_271-b09) (build 1.8.0_271-b09)
# Java VM: Java HotSpot(TM) 64-Bit Server VM (25.271-b09 mixed mode windows-amd64 compressed oops)
# Failed to write core dump. Minidumps are not enabled by default on client versions of Windows
#
# If you would like to submit a bug report, please visit:
#   http://bugreport.java.com/bugreport/crash.jsp
#

---------------  T H R E A D  ---------------

Current thread (0x0000020afd31c000):  JavaThread "AWT-EventQueue-0" [_thread_in_native_trans, id=11352, stack(0x0000007133100000,0x0000007133200000)]

Stack: [0x0000007133100000,0x0000007133200000]
Native frames: (J=compiled Java code, j=interpreted, Vv=VM code, C=native code)
V  [jvm.dll+0x33f6c9]
V  [jvm.dll+0x286122]
V  [jvm.dll+0x286dcd]
V  [jvm.dll+0x27d3f6]
V  [jvm.dll+0x23282a]
V  [jvm.dll+0x2488ec]
V  [jvm.dll+0x156aee]
C  [opencv_java451.dll+0x146924e]
C  [opencv_java451.dll+0x21c9314]
C  [opencv_java451.dll+0x2171140]
C  [opencv_java451.dll+0x2169c0c]
C  [ntdll.dll+0xa1506]
C  [opencv_java451.dll+0x14aa6e9]
C  0x0000020a80019f4e

Java frames: (J=compiled Java code, j=interpreted, Vv=VM code)
j  org.opencv.imgcodecs.Imgcodecs.imread_1(Ljava/lang/String;)J+0
j  org.opencv.imgcodecs.Imgcodecs.imread(Ljava/lang/String;)Lorg/opencv/core/Mat;+5
j  Main.btnLoadImgActionPerformed(Ljava/awt/event/ActionEvent;)V+32
j  Main.access$000(LMain;Ljava/awt/event/ActionEvent;)V+2
j  Main$1.actionPerformed(Ljava/awt/event/ActionEvent;)V+5
j  javax.swing.AbstractButton.fireActionPerformed(Ljava/awt/event/ActionEvent;)V+83
j  javax.swing.AbstractButton$Handler.actionPerformed(Ljava/awt/event/ActionEvent;)V+5
j  javax.swing.DefaultButtonModel.fireActionPerformed(Ljava/awt/event/ActionEvent;)V+34
j  javax.swing.DefaultButtonModel.setPressed(Z)V+117
j  javax.swing.plaf.basic.BasicButtonListener.mouseReleased(Ljava/awt/event/MouseEvent;)V+35
j  java.awt.Component.processMouseEvent(Ljava/awt/event/MouseEvent;)V+64
j  javax.swing.JComponent.processMouseEvent(Ljava/awt/event/MouseEvent;)V+23
j  java.awt.Component.processEvent(Ljava/awt/AWTEvent;)V+81
j  java.awt.Container.processEvent(Ljava/awt/AWTEvent;)V+18
j  java.awt.Component.dispatchEventImpl(Ljava/awt/AWTEvent;)V+589
j  java.awt.Container.dispatchEventImpl(Ljava/awt/AWTEvent;)V+42
j  java.awt.Component.dispatchEvent(Ljava/awt/AWTEvent;)V+2
j  java.awt.LightweightDispatcher.retargetMouseEvent(Ljava/awt/Component;ILjava/awt/event/MouseEvent;)V+349
j  java.awt.LightweightDispatcher.processMouseEvent(Ljava/awt/event/MouseEvent;)Z+155
j  java.awt.LightweightDispatcher.dispatchEvent(Ljava/awt/AWTEvent;)Z+50
j  java.awt.Container.dispatchEventImpl(Ljava/awt/AWTEvent;)V+12
j  java.awt.Window.dispatchEventImpl(Ljava/awt/AWTEvent;)V+19
j  java.awt.Component.dispatchEvent(Ljava/awt/AWTEvent;)V+2
j  java.awt.EventQueue.dispatchEventImpl(Ljava/awt/AWTEvent;Ljava/lang/Object;)V+41
j  java.awt.EventQueue.access$500(Ljava/awt/EventQueue;Ljava/awt/AWTEvent;Ljava/lang/Object;)V+3
j  java.awt.EventQueue$3.run()Ljava/lang/Void;+32
j  java.awt.EventQueue$3.run()Ljava/lang/Object;+1
v  ~StubRoutines::call_stub
j  java.security.AccessController.doPrivileged(Ljava/security/PrivilegedAction;Ljava/security/AccessControlContext;)Ljava/lang/Object;+0
j  java.security.ProtectionDomain$JavaSecurityAccessImpl.doIntersectionPrivilege(Ljava/security/PrivilegedAction;Ljava/security/AccessControlContext;Ljava/security/AccessControlContext;)Ljava/lang/Object;+18
j  java.security.ProtectionDomain$JavaSecurityAccessImpl.doIntersectionPrivilege(Ljava/security/PrivilegedAction;Ljava/security/AccessControlContext;)Ljava/lang/Object;+6
j  java.awt.EventQueue$4.run()Ljava/lang/Void;+11
j  java.awt.EventQueue$4.run()Ljava/lang/Object;+1
v  ~StubRoutines::call_stub
j  java.security.AccessController.doPrivileged(Ljava/security/PrivilegedAction;Ljava/security/AccessControlContext;)Ljava/lang/Object;+0
j  java.security.ProtectionDomain$JavaSecurityAccessImpl.doIntersectionPrivilege(Ljava/security/PrivilegedAction;Ljava/security/AccessControlContext;Ljava/security/AccessControlContext;)Ljava/lang/Object;+18
j  java.awt.EventQueue.dispatchEvent(Ljava/awt/AWTEvent;)V+73
j  java.awt.EventDispatchThread.pumpOneEventForFilters(I)V+140
j  java.awt.EventDispatchThread.pumpEventsForFilter(ILjava/awt/Conditional;Ljava/awt/EventFilter;)V+35
j  java.awt.EventDispatchThread.pumpEventsForHierarchy(ILjava/awt/Conditional;Ljava/awt/Component;)V+11
j  java.awt.EventDispatchThread.pumpEvents(ILjava/awt/Conditional;)V+4
j  java.awt.EventDispatchThread.pumpEvents(Ljava/awt/Conditional;)V+3
j  java.awt.EventDispatchThread.run()V+9
v  ~StubRoutines::call_stub

---------------  P R O C E S S  ---------------

Java Threads: ( => current thread )
  0x0000020afd93d800 JavaThread "Swing-Shell" daemon [_thread_blocked, id=13948, stack(0x0000007133600000,0x0000007133700000)]
  0x0000020afd728000 JavaThread "TimerQueue" daemon [_thread_blocked, id=3720, stack(0x0000007133200000,0x0000007133300000)]
  0x0000020af4945800 JavaThread "DestroyJavaVM" [_thread_blocked, id=9584, stack(0x0000007131f00000,0x0000007132000000)]
=>0x0000020afd31c000 JavaThread "AWT-EventQueue-0" [_thread_in_native_trans, id=11352, stack(0x0000007133100000,0x0000007133200000)]
  0x0000020afd309000 JavaThread "AWT-Windows" daemon [_thread_blocked, id=8568, stack(0x0000007133000000,0x0000007133100000)]
  0x0000020afd308000 JavaThread "AWT-Shutdown" [_thread_blocked, id=8736, stack(0x0000007132f00000,0x0000007133000000)]
  0x0000020afd2a8800 JavaThread "Java2D Disposer" daemon [_thread_blocked, id=12156, stack(0x0000007132e00000,0x0000007132f00000)]
  0x0000020afc1e6800 JavaThread "Service Thread" daemon [_thread_blocked, id=14664, stack(0x0000007132c00000,0x0000007132d00000)]
  0x0000020afc169800 JavaThread "C1 CompilerThread2" daemon [_thread_blocked, id=12904, stack(0x0000007132b00000,0x0000007132c00000)]
  0x0000020afc15c000 JavaThread "C2 CompilerThread1" daemon [_thread_blocked, id=13624, stack(0x0000007132a00000,0x0000007132b00000)]
  0x0000020afc152800 JavaThread "C2 CompilerThread0" daemon [_thread_blocked, id=14180, stack(0x0000007132900000,0x0000007132a00000)]
  0x0000020afc151800 JavaThread "Attach Listener" daemon [_thread_blocked, id=15344, stack(0x0000007132800000,0x0000007132900000)]
  0x0000020afc159800 JavaThread "Signal Dispatcher" daemon [_thread_blocked, id=12944, stack(0x0000007132700000,0x0000007132800000)]
  0x0000020afb9f9800 JavaThread "Finalizer" daemon [_thread_blocked, id=12512, stack(0x0000007132600000,0x0000007132700000)]
  0x0000020afc135000 JavaThread "Reference Handler" daemon [_thread_blocked, id=9676, stack(0x0000007132500000,0x0000007132600000)]

Other Threads:
  0x0000020afc112000 VMThread [stack: 0x0000007132400000,0x0000007132500000] [id=10212]
  0x0000020afc1ff800 WatcherThread [stack: 0x0000007132d00000,0x0000007132e00000] [id=9812]

VM state:synchronizing (normal execution)

VM Mutex/Monitor currently owned by a thread:  ([mutex/lock_event])
[0x0000020af4940da0] Threads_lock - owner thread: 0x0000020afc112000

heap address: 0x0000000082000000, size: 2016 MB, Compressed Oops mode: 32-bit
Narrow klass base: 0x0000000000000000, Narrow klass shift: 3
Compressed class space size: 1073741824 Address: 0x0000000100000000

Heap:
 PSYoungGen      total 37888K, used 18051K [0x00000000d6000000, 0x00000000d8a00000, 0x0000000100000000)
  eden space 32768K, 55% used [0x00000000d6000000,0x00000000d71a0fe0,0x00000000d8000000)
  from space 5120K, 0% used [0x00000000d8500000,0x00000000d8500000,0x00000000d8a00000)
  to   space 5120K, 0% used [0x00000000d8000000,0x00000000d8000000,0x00000000d8500000)
 ParOldGen       total 86016K, used 0K [0x0000000082000000, 0x0000000087400000, 0x00000000d6000000)
  object space 86016K, 0% used [0x0000000082000000,0x0000000082000000,0x0000000087400000)
 Metaspace       used 15089K, capacity 15294K, committed 15488K, reserved 1062912K
  class space    used 1984K, capacity 2071K, committed 2176K, reserved 1048576K

Card table byte_map: [0x0000020af6770000,0x0000020af6b70000] byte_map_base: 0x0000020af6360000

Marking Bits: (ParMarkBitMap*) 0x000000006b407fe0
 Begin Bits: [0x0000020af6e10000, 0x0000020af8d90000)
 End Bits:   [0x0000020af8d90000, 0x0000020afad10000)

Polling page: 0x0000020af4b50000

CodeCache: size=245760Kb used=4451Kb max_used=4451Kb free=241308Kb
 bounds [0x0000020a80000000, 0x0000020a80460000, 0x0000020a8f000000]
 total_blobs=1890 nmethods=1294 adapters=508
 compilation: enabled

Compilation events (10 events):
Event: 6.995 Thread 0x0000020afc169800 1290       3       java.util.LinkedList::node (65 bytes)
Event: 6.995 Thread 0x0000020afc169800 nmethod 1290 0x0000020a8044f750 code [0x0000020a8044f8c0, 0x0000020a8044fbd8]
Event: 6.996 Thread 0x0000020afc169800 1291       3       javax.swing.plaf.synth.SynthLabelUI::propertyChange (24 bytes)
Event: 6.997 Thread 0x0000020afc169800 nmethod 1291 0x0000020a80456a10 code [0x0000020a80456c80, 0x0000020a80457ad0]
Event: 6.997 Thread 0x0000020afc169800 1293       3       javax.swing.plaf.synth.SynthLookAndFeel::getStyle (9 bytes)
Event: 6.997 Thread 0x0000020afc169800 nmethod 1293 0x0000020a80456590 code [0x0000020a80456700, 0x0000020a80456940]
Event: 6.997 Thread 0x0000020afc169800 1292       3       javax.swing.plaf.basic.BasicLabelUI::propertyChange (70 bytes)
Event: 6.997 Thread 0x0000020afc169800 nmethod 1292 0x0000020a80451c90 code [0x0000020a80451e40, 0x0000020a804525a0]
Event: 7.000 Thread 0x0000020afc169800 1294       3       java.lang.ClassLoader::findLoadedClass (16 bytes)
Event: 7.000 Thread 0x0000020afc169800 nmethod 1294 0x0000020a80451810 code [0x0000020a80451980, 0x0000020a80451bc0]

GC Heap History (0 events):
No events

Deoptimization events (8 events):
Event: 0.464 Thread 0x0000020afd309000 Uncommon trap: reason=unstable_if action=reinterpret pc=0x0000020a80215f90 method=java.util.HashMap.putVal(ILjava/lang/Object;Ljava/lang/Object;ZZ)Ljava/lang/Object; @ 206
Event: 0.464 Thread 0x0000020afd309000 Uncommon trap: reason=unstable_if action=reinterpret pc=0x0000020a80211f54 method=java.util.HashMap.putVal(ILjava/lang/Object;Ljava/lang/Object;ZZ)Ljava/lang/Object; @ 206
Event: 0.552 Thread 0x0000020afd31c000 Uncommon trap: reason=class_check action=maybe_recompile pc=0x0000020a80124968 method=java.lang.String.equals(Ljava/lang/Object;)Z @ 8
Event: 0.609 Thread 0x0000020afd31c000 Uncommon trap: reason=class_check action=maybe_recompile pc=0x0000020a80124968 method=java.lang.String.equals(Ljava/lang/Object;)Z @ 8
Event: 0.611 Thread 0x0000020afd31c000 Uncommon trap: reason=class_check action=maybe_recompile pc=0x0000020a80124968 method=java.lang.String.equals(Ljava/lang/Object;)Z @ 8
Event: 0.613 Thread 0x0000020afd31c000 Uncommon trap: reason=class_check action=maybe_recompile pc=0x0000020a80124968 method=java.lang.String.equals(Ljava/lang/Object;)Z @ 8
Event: 3.266 Thread 0x0000020afd31c000 Uncommon trap: reason=unstable_if action=reinterpret pc=0x0000020a80299820 method=java.awt.MultipleGradientPaintContext.indexIntoGradientsArrays(F)I @ 13
Event: 6.489 Thread 0x0000020afd31c000 Uncommon trap: reason=unstable_if action=reinterpret pc=0x0000020a8043ed00 method=java.awt.Container.findComponentAtImpl(IIZ)Ljava/awt/Component; @ 6

Classes redefined (0 events):
No events

Internal exceptions (10 events):
Event: 0.279 Thread 0x0000020af4945800 Exception <a 'java/lang/ClassNotFoundException': ToolBar> (0x00000000d649f2a8) thrown at [C:\jenkins\workspace\8-2-build-windows-amd64-cygwin\jdk8u271\605\hotspot\src\share\vm\classfile\systemDictionary.cpp, line 212]
Event: 0.279 Thread 0x0000020af4945800 Exception <a 'java/lang/ClassNotFoundException': ToggleButton> (0x00000000d649f858) thrown at [C:\jenkins\workspace\8-2-build-windows-amd64-cygwin\jdk8u271\605\hotspot\src\share\vm\classfile\systemDictionary.cpp, line 212]
Event: 0.279 Thread 0x0000020af4945800 Exception <a 'java/lang/ClassNotFoundException': javax/swing/JToolBarSeparator> (0x00000000d649fcb8) thrown at [C:\jenkins\workspace\8-2-build-windows-amd64-cygwin\jdk8u271\605\hotspot\src\share\vm\classfile\systemDictionary.cpp, line 212]
Event: 0.279 Thread 0x0000020af4945800 Exception <a 'java/lang/ClassNotFoundException': ToolBarSeparator> (0x00000000d64a0150) thrown at [C:\jenkins\workspace\8-2-build-windows-amd64-cygwin\jdk8u271\605\hotspot\src\share\vm\classfile\systemDictionary.cpp, line 212]
Event: 0.280 Thread 0x0000020af4945800 Exception <a 'java/lang/ClassNotFoundException': ToolTip> (0x00000000d64a0890) thrown at [C:\jenkins\workspace\8-2-build-windows-amd64-cygwin\jdk8u271\605\hotspot\src\share\vm\classfile\systemDictionary.cpp, line 212]
Event: 0.281 Thread 0x0000020af4945800 Exception <a 'java/lang/ClassNotFoundException': Tree> (0x00000000d64a14b0) thrown at [C:\jenkins\workspace\8-2-build-windows-amd64-cygwin\jdk8u271\605\hotspot\src\share\vm\classfile\systemDictionary.cpp, line 212]
Event: 0.281 Thread 0x0000020af4945800 Exception <a 'java/lang/ClassNotFoundException': Tree> (0x00000000d64a1bf0) thrown at [C:\jenkins\workspace\8-2-build-windows-amd64-cygwin\jdk8u271\605\hotspot\src\share\vm\classfile\systemDictionary.cpp, line 212]
Event: 0.281 Thread 0x0000020af4945800 Exception <a 'java/lang/ClassNotFoundException': javax/swing/JTreeCell> (0x00000000d64a1f70) thrown at [C:\jenkins\workspace\8-2-build-windows-amd64-cygwin\jdk8u271\605\hotspot\src\share\vm\classfile\systemDictionary.cpp, line 212]
Event: 0.281 Thread 0x0000020af4945800 Exception <a 'java/lang/ClassNotFoundException': TreeCell> (0x00000000d64a23f8) thrown at [C:\jenkins\workspace\8-2-build-windows-amd64-cygwin\jdk8u271\605\hotspot\src\share\vm\classfile\systemDictionary.cpp, line 212]
Event: 0.281 Thread 0x0000020af4945800 Exception <a 'java/lang/ClassNotFoundException': RootPane> (0x00000000d64a2e58) thrown at [C:\jenkins\workspace\8-2-build-windows-amd64-cygwin\jdk8u271\605\hotspot\src\share\vm\classfile\systemDictionary.cpp, line 212]

Events (10 events):
Event: 6.990 loading class sun/awt/SunToolkit$1
Event: 6.990 loading class sun/awt/SunToolkit$1 done
Event: 6.996 loading class javax/swing/Autoscroller
Event: 6.996 loading class javax/swing/Autoscroller done
Event: 6.998 loading class java/awt/Window$1DisposeAction
Event: 6.998 loading class java/awt/Window$1DisposeAction done
Event: 6.999 loading class org/opencv/imgcodecs/Imgcodecs
Event: 6.999 loading class org/opencv/imgcodecs/Imgcodecs done
Event: 6.999 loading class org/opencv/core/MatOfByte
Event: 6.999 loading class org/opencv/core/MatOfByte done


Dynamic libraries:
0x00007ff7bf3f0000 - 0x00007ff7bf437000 	C:\Program Files\Java\jdk1.8.0_271\bin\java.exe
0x00007fff89150000 - 0x00007fff89345000 	C:\Windows\SYSTEM32\ntdll.dll
0x00007fff87e80000 - 0x00007fff87f3d000 	C:\Windows\System32\KERNEL32.DLL
0x00007fff86980000 - 0x00007fff86c49000 	C:\Windows\System32\KERNELBASE.dll
0x00007fff88e30000 - 0x00007fff88edc000 	C:\Windows\System32\ADVAPI32.dll
0x00007fff886b0000 - 0x00007fff8874e000 	C:\Windows\System32\msvcrt.dll
0x00007fff89070000 - 0x00007fff8910b000 	C:\Windows\System32\sechost.dll
0x00007fff87d50000 - 0x00007fff87e7a000 	C:\Windows\System32\RPCRT4.dll
0x00007fff888d0000 - 0x00007fff88a70000 	C:\Windows\System32\USER32.dll
0x00007fff86880000 - 0x00007fff868a2000 	C:\Windows\System32\win32u.dll
0x00007fff879a0000 - 0x00007fff879ca000 	C:\Windows\System32\GDI32.dll
0x00007fff86f40000 - 0x00007fff8704b000 	C:\Windows\System32\gdi32full.dll
0x00007fff868e0000 - 0x00007fff8697d000 	C:\Windows\System32\msvcp_win.dll
0x00007fff86d50000 - 0x00007fff86e50000 	C:\Windows\System32\ucrtbase.dll
0x00007fff75e60000 - 0x00007fff760fa000 	C:\Windows\WinSxS\amd64_microsoft.windows.common-controls_6595b64144ccf1df_6.0.19041.1110_none_60b5254171f9507e\COMCTL32.dll
0x00007fff87d00000 - 0x00007fff87d30000 	C:\Windows\System32\IMM32.DLL
0x00007fff6b6f0000 - 0x00007fff6b705000 	C:\Program Files\Java\jdk1.8.0_271\jre\bin\vcruntime140.dll
0x00007fff2f2b0000 - 0x00007fff2f34b000 	C:\Program Files\Java\jdk1.8.0_271\jre\bin\msvcp140.dll
0x000000006ac10000 - 0x000000006b47f000 	C:\Program Files\Java\jdk1.8.0_271\jre\bin\server\jvm.dll
0x00007fff87a80000 - 0x00007fff87a88000 	C:\Windows\System32\PSAPI.DLL
0x00007fff75890000 - 0x00007fff758b7000 	C:\Windows\SYSTEM32\WINMM.dll
0x00007fff75020000 - 0x00007fff75029000 	C:\Windows\SYSTEM32\WSOCK32.dll
0x00007fff7c310000 - 0x00007fff7c31a000 	C:\Windows\SYSTEM32\VERSION.dll
0x00007fff87c10000 - 0x00007fff87c7b000 	C:\Windows\System32\WS2_32.dll
0x00007fff85160000 - 0x00007fff85172000 	C:\Windows\SYSTEM32\kernel.appcore.dll
0x00007fff813d0000 - 0x00007fff813e0000 	C:\Program Files\Java\jdk1.8.0_271\jre\bin\verify.dll
0x00007fff48d40000 - 0x00007fff48d6b000 	C:\Program Files\Java\jdk1.8.0_271\jre\bin\java.dll
0x00007fff48d20000 - 0x00007fff48d38000 	C:\Program Files\Java\jdk1.8.0_271\jre\bin\zip.dll
0x00007fff87260000 - 0x00007fff8799f000 	C:\Windows\System32\SHELL32.dll
0x00007fff84870000 - 0x00007fff85000000 	C:\Windows\SYSTEM32\windows.storage.dll
0x00007fff88a70000 - 0x00007fff88dc5000 	C:\Windows\System32\combase.dll
0x00007fff862e0000 - 0x00007fff8630c000 	C:\Windows\SYSTEM32\Wldp.dll
0x00007fff871b0000 - 0x00007fff8725e000 	C:\Windows\System32\SHCORE.dll
0x00007fff88dd0000 - 0x00007fff88e25000 	C:\Windows\System32\shlwapi.dll
0x00007fff867c0000 - 0x00007fff867df000 	C:\Windows\SYSTEM32\profapi.dll
0x00007fff48440000 - 0x00007fff485d4000 	C:\Program Files\Java\jdk1.8.0_271\jre\bin\awt.dll
0x00007fff87f40000 - 0x00007fff8800d000 	C:\Windows\System32\OLEAUT32.dll
0x00007fff830b0000 - 0x00007fff83140000 	C:\Windows\SYSTEM32\apphelp.dll
0x00007fff83220000 - 0x00007fff832be000 	C:\Windows\system32\uxtheme.dll
0x00007fff87a90000 - 0x00007fff87ba5000 	C:\Windows\System32\MSCTF.dll
0x00007fff88f40000 - 0x00007fff8906a000 	C:\Windows\System32\ole32.dll
0x00007fff86eb0000 - 0x00007fff86f33000 	C:\Windows\System32\bcryptPrimitives.dll
0x00007fff83380000 - 0x00007fff833af000 	C:\Windows\system32\DWMAPI.DLL
0x00007fff483f0000 - 0x00007fff48439000 	C:\Program Files\Java\jdk1.8.0_271\jre\bin\fontmanager.dll
0x00007fff6df00000 - 0x00007fff6e025000 	C:\Windows\system32\opengl32.dll
0x00007fff6ded0000 - 0x00007fff6defc000 	C:\Windows\SYSTEM32\GLU32.dll
0x00007fff48d00000 - 0x00007fff48d1c000 	C:\Program Files\Java\jdk1.8.0_271\jre\bin\net.dll
0x00007fff85f70000 - 0x00007fff85fda000 	C:\Windows\system32\mswsock.dll
0x00007fff48a90000 - 0x00007fff48aa3000 	C:\Program Files\Java\jdk1.8.0_271\jre\bin\nio.dll
0x00007fff39e60000 - 0x00007fff39ea3000 	C:\Program Files\Java\jdk1.8.0_271\jre\bin\t2k.dll
0x00007fff879d0000 - 0x00007fff87a79000 	C:\Windows\System32\clbcatq.dll
0x00007fff80490000 - 0x00007fff80644000 	C:\Windows\SYSTEM32\WindowsCodecs.dll
0x00007fff868b0000 - 0x00007fff868d7000 	C:\Windows\System32\bcrypt.dll
0x00007fff3d660000 - 0x00007fff3d69e000 	C:\Windows\system32\dataexchange.dll
0x00007fff825b0000 - 0x00007fff82796000 	C:\Windows\system32\dcomp.dll
0x00007fff81d80000 - 0x00007fff81fe4000 	C:\Windows\system32\d3d11.dll
0x00007fff85180000 - 0x00007fff85274000 	C:\Windows\system32\dxgi.dll
0x00007fff80160000 - 0x00007fff80361000 	C:\Windows\system32\twinapi.appcore.dll
0x00007fff6da40000 - 0x00007fff6db39000 	C:\Windows\SYSTEM32\textinputframework.dll
0x00007fff82e80000 - 0x00007fff82f72000 	C:\Windows\System32\CoreMessaging.dll
0x00007fff827a0000 - 0x00007fff82afe000 	C:\Windows\System32\CoreUIComponents.dll
0x00007fff817c0000 - 0x00007fff81914000 	C:\Windows\SYSTEM32\wintypes.dll
0x00007fff85580000 - 0x00007fff855b3000 	C:\Windows\SYSTEM32\ntmarta.dll
0x00007fff39b10000 - 0x00007fff39b3a000 	C:\Program Files\Java\jdk1.8.0_271\jre\bin\dcpr.dll
0x00007fff0c940000 - 0x00007fff0f986000 	D:\NKKH\opencv\build\java\x64\opencv_java451.dll
0x00007fff352d0000 - 0x00007fff35354000 	C:\Windows\SYSTEM32\MF.dll
0x00007fff1bbe0000 - 0x00007fff1bcea000 	C:\Windows\SYSTEM32\MFReadWrite.dll
0x00007fff7e8e0000 - 0x00007fff7ea9c000 	C:\Windows\SYSTEM32\MFPlat.DLL
0x00007fff86d00000 - 0x00007fff86d4e000 	C:\Windows\System32\cfgmgr32.dll
0x00007fff22400000 - 0x00007fff22891000 	C:\Windows\SYSTEM32\MFCORE.DLL
0x00007fff87050000 - 0x00007fff871af000 	C:\Windows\System32\CRYPT32.dll
0x00007fff86290000 - 0x00007fff862db000 	C:\Windows\SYSTEM32\powrprof.dll
0x00007fff7e250000 - 0x00007fff7e259000 	C:\Windows\SYSTEM32\ksuser.dll
0x00007fff86160000 - 0x00007fff8616c000 	C:\Windows\SYSTEM32\CRYPTBASE.DLL
0x00007fff7e760000 - 0x00007fff7e790000 	C:\Windows\SYSTEM32\RTWorkQ.DLL
0x00007fff86270000 - 0x00007fff86282000 	C:\Windows\SYSTEM32\UMPDC.dll
0x00007fff4bd90000 - 0x00007fff4be40000 	C:\Windows\WinSxS\amd64_microsoft.windows.common-controls_6595b64144ccf1df_5.82.19041.1110_none_792d1c772443f647\comctl32.dll
0x00007fff39e40000 - 0x00007fff39e57000 	C:\Windows\system32\NetworkExplorer.dll
0x00007fff843e0000 - 0x00007fff844d6000 	C:\Windows\system32\PROPSYS.dll
0x00007fff74270000 - 0x00007fff7428d000 	C:\Windows\SYSTEM32\MPR.dll
0x00007fff77b10000 - 0x00007fff77b1b000 	C:\Windows\System32\drprov.dll
0x00007fff86210000 - 0x00007fff8626a000 	C:\Windows\System32\WINSTA.dll
0x00007fff3f270000 - 0x00007fff3f292000 	C:\Windows\System32\ntlanman.dll
0x00007fff49e70000 - 0x00007fff49e8e000 	C:\Windows\System32\davclnt.dll
0x00007fff52fd0000 - 0x00007fff52fdd000 	C:\Windows\System32\DAVHLPR.dll
0x00007fff85a10000 - 0x00007fff85a27000 	C:\Windows\System32\wkscli.dll
0x00007fff4f9b0000 - 0x00007fff4f9c2000 	C:\Windows\SYSTEM32\cscapi.dll
0x00007fff85d70000 - 0x00007fff85d7c000 	C:\Windows\System32\netutils.dll
0x00007fff2c5e0000 - 0x00007fff2c638000 	C:\Windows\System32\dlnashext.dll
0x00007fff67f10000 - 0x00007fff67f74000 	C:\Windows\System32\PlayToDevice.dll
0x00007fff758e0000 - 0x00007fff75900000 	C:\Windows\System32\DevDispItemProvider.dll
0x00007fff7e540000 - 0x00007fff7e5c5000 	C:\Windows\System32\MMDevApi.dll
0x00007fff86620000 - 0x00007fff86654000 	C:\Windows\System32\DEVOBJ.dll
0x00007fff48b20000 - 0x00007fff48bc3000 	C:\Windows\system32\wpdshext.dll
0x00007fff75c70000 - 0x00007fff75e19000 	C:\Windows\WinSxS\amd64_microsoft.windows.gdiplus_6595b64144ccf1df_1.1.19041.1151_none_91a40286cc884949\gdiplus.dll
0x00007fff315a0000 - 0x00007fff31643000 	C:\Windows\System32\PortableDeviceApi.dll
0x00007fff88010000 - 0x00007fff88482000 	C:\Windows\System32\SETUPAPI.dll
0x00007fff86e50000 - 0x00007fff86eb0000 	C:\Windows\System32\WINTRUST.dll
0x00007fff86460000 - 0x00007fff86472000 	C:\Windows\System32\MSASN1.dll
0x00007fff43dd0000 - 0x00007fff43e07000 	C:\Windows\System32\EhStorShell.dll
0x00007fff71fe0000 - 0x00007fff72006000 	C:\Windows\System32\EhStorAPI.dll
0x00007fff85000000 - 0x00007fff85014000 	C:\Windows\System32\WTSAPI32.dll
0x00007fff4f590000 - 0x00007fff4f59d000 	C:\Windows\SYSTEM32\LINKINFO.dll
0x00007fff84680000 - 0x00007fff84864000 	C:\Windows\SYSTEM32\dbghelp.dll

VM Arguments:
jvm_args: -Dfile.encoding=UTF-8 -Djava.library.path=D:\NKKH\opencv\build\java\x64 
java_command: Main
java_class_path (initial): D:\NKKH\opencv\build\java\opencv-451.jar;C:\Users\HUYENKUTE\Desktop\huong doi tuongCoNguyen\poi-bin-5.0.0-20210120\poi-5.0.0\poi-5.0.0.jar;C:\Users\HUYENKUTE\Desktop\huong doi tuongCoNguyen\poi-bin-5.0.0-20210120\poi-5.0.0\poi-examples-5.0.0.jar;C:\Users\HUYENKUTE\Desktop\huong doi tuongCoNguyen\poi-bin-5.0.0-20210120\poi-5.0.0\poi-excelant-5.0.0.jar;C:\Users\HUYENKUTE\Desktop\huong doi tuongCoNguyen\poi-bin-5.0.0-20210120\poi-5.0.0\poi-integration-5.0.0.jar;C:\Users\HUYENKUTE\Desktop\huong doi tuongCoNguyen\poi-bin-5.0.0-20210120\poi-5.0.0\poi-ooxml-5.0.0.jar;C:\Users\HUYENKUTE\Desktop\huong doi tuongCoNguyen\poi-bin-5.0.0-20210120\poi-5.0.0\poi-ooxml-full-5.0.0.jar;C:\Users\HUYENKUTE\Desktop\huong doi tuongCoNguyen\poi-bin-5.0.0-20210120\poi-5.0.0\poi-ooxml-lite-5.0.0.jar;C:\Users\HUYENKUTE\Desktop\huong doi tuongCoNguyen\poi-bin-5.0.0-20210120\poi-5.0.0\poi-scratchpad-5.0.0.jar;C:\Users\HUYENKUTE\Desktop\huong doi tuongCoNguyen\Thu vien ket noi\sqljdbc42.jar;C:\Users\HUYENKUTE\Desktop\ThuVienPoi\poi-5.0.0\lib\SparseBitSet-1.2.jar;C:\Users\HUYENKUTE\Desktop\ThuVienPoi\poi-5.0.0\lib\commons-codec-1.15.jar;C:\Users\HUYENKUTE\Desktop\ThuVienPoi\poi-5.0.0\lib\commons-collections4-4.4.jar;C:\Users\HUYENKUTE\Desktop\ThuVienPoi\poi-5.0.0\lib\commons-math3-3.6.1.jar;C:\Users\HUYENKUTE\Desktop\ThuVienPoi\poi-5.0.0\ooxml-lib\commons-compress-1.20.jar;C:\Users\HUYENKUTE\Desktop\ThuVienPoi\poi-5.0.0\ooxml-lib\curvesapi-1.06.jar;C:\Users\HUYENKUTE\Desktop\ThuVienPoi\poi-5.0.0\ooxml-lib\xmlbeans-4.0.0.jar;D:\NKKH\Thu Vien Bo Sung\gembox-spreadsheet.jar;D:\NKKH\DOCDIEM\SoreReadApplication\build\classes
Launcher Type: SUN_STANDARD

Environment Variables:
PATH=C:\Program Files (x86)\VMware\VMware Player\bin\;C:\Program Files (x86)\Common Files\Oracle\Java\javapath;C:\Program Files\Microsoft MPI\Bin\;C:\MinGW\bin\;C:\Windows\system32;C:\Windows;C:\Windows\System32\Wbem;C:\Windows\System32\WindowsPowerShell\v1.0\;C:\Windows\System32\OpenSSH\;C:\Program Files\Microsoft SQL Server\Client SDK\ODBC\170\Tools\Binn\;C:\Program Files (x86)\Microsoft SQL Server\150\Tools\Binn\;C:\Program Files\Microsoft SQL Server\150\Tools\Binn\;C:\Program Files\Microsoft SQL Server\150\DTS\Binn\;C:\Program Files (x86)\Microsoft SQL Server\150\DTS\Binn\;C:\Program Files\Azure Data Studio\bin;D:\NKKH\opencv\build\x64\vc15\bin;C:\Program Files\dotnet\;C:\Users\HUYENKUTE\AppData\Local\Microsoft\WindowsApps;;C:\Users\HUYENKUTE\AppData\Local\Programs\Microsoft VS Code\bin;C:\Program Files\Azure Data Studio\bin;C:\Users\HUYENKUTE\.dotnet\tools
USERNAME=HUYENKUTE
OS=Windows_NT
PROCESSOR_IDENTIFIER=Intel64 Family 6 Model 142 Stepping 9, GenuineIntel



---------------  S Y S T E M  ---------------

OS: Windows 10.0 , 64 bit Build 19041 (10.0.19041.1151)

CPU:total 4 (initial active 4) (2 cores per cpu, 2 threads per core) family 6 model 142 stepping 9, cmov, cx8, fxsr, mmx, sse, sse2, sse3, ssse3, sse4.1, sse4.2, popcnt, avx, avx2, aes, clmul, erms, 3dnowpref, lzcnt, ht, tsc, tscinvbit, bmi1, bmi2, adx

Memory: 4k page, physical 8251348k(3505392k free), swap 19785684k(11654676k free)

vm_info: Java HotSpot(TM) 64-Bit Server VM (25.271-b09) for windows-amd64 JRE (1.8.0_271-b09), built on Sep 16 2020 19:14:59 by "" with MS VC++ 15.9 (VS2017)

time: Wed Sep  8 00:19:45 2021
timezone: SE Asia Standard Time
elapsed time: 7.321106 seconds (0d 0h 0m 7s)

