#
# A fatal error has been detected by the Java Runtime Environment:
#
#  Internal Error (safepoint.cpp:691), pid=11476, tid=0x0000000000002244
#  fatal error: Deadlock in safepoint code.  Should have called back to the VM before blocking.
#
# JRE version: Java(TM) SE Runtime Environment (8.0_271-b09) (build 1.8.0_271-b09)
# Java VM: Java HotSpot(TM) 64-Bit Server VM (25.271-b09 mixed mode windows-amd64 compressed oops)
# Failed to write core dump. Minidumps are not enabled by default on client versions of Windows
#
# If you would like to submit a bug report, please visit:
#   http://bugreport.java.com/bugreport/crash.jsp
#

---------------  T H R E A D  ---------------

Current thread (0x000001f621fd2000):  JavaThread "AWT-EventQueue-0" [_thread_in_native_trans, id=8772, stack(0x000000f40c700000,0x000000f40c800000)]

Stack: [0x000000f40c700000,0x000000f40c800000]
Native frames: (J=compiled Java code, j=interpreted, Vv=VM code, C=native code)
V  [jvm.dll+0x33f6c9]
V  [jvm.dll+0x286122]
V  [jvm.dll+0x286dcd]
V  [jvm.dll+0x27d3f6]
V  [jvm.dll+0x23282a]
V  [jvm.dll+0x2488ec]
V  [jvm.dll+0x156aee]
C  [opencv_java451.dll+0x146924e]
C  [opencv_java451.dll+0x21c9314]
C  [opencv_java451.dll+0x2171140]
C  [opencv_java451.dll+0x2169c0c]
C  [ntdll.dll+0xa1456]
C  [opencv_java451.dll+0x14aa6e9]
C  0x000001f60bff9f4e

Java frames: (J=compiled Java code, j=interpreted, Vv=VM code)
j  org.opencv.imgcodecs.Imgcodecs.imread_1(Ljava/lang/String;)J+0
j  org.opencv.imgcodecs.Imgcodecs.imread(Ljava/lang/String;)Lorg/opencv/core/Mat;+5
j  Main.btnLoadImgActionPerformed(Ljava/awt/event/ActionEvent;)V+40
j  Main.access$000(LMain;Ljava/awt/event/ActionEvent;)V+2
j  Main$1.actionPerformed(Ljava/awt/event/ActionEvent;)V+5
j  javax.swing.AbstractButton.fireActionPerformed(Ljava/awt/event/ActionEvent;)V+83
j  javax.swing.AbstractButton$Handler.actionPerformed(Ljava/awt/event/ActionEvent;)V+5
j  javax.swing.DefaultButtonModel.fireActionPerformed(Ljava/awt/event/ActionEvent;)V+34
j  javax.swing.DefaultButtonModel.setPressed(Z)V+117
j  javax.swing.plaf.basic.BasicButtonListener.mouseReleased(Ljava/awt/event/MouseEvent;)V+35
j  java.awt.Component.processMouseEvent(Ljava/awt/event/MouseEvent;)V+64
j  javax.swing.JComponent.processMouseEvent(Ljava/awt/event/MouseEvent;)V+23
J 1472 C1 java.awt.Component.processEvent(Ljava/awt/AWTEvent;)V (220 bytes) @ 0x000001f60c4d1744 [0x000001f60c4d1220+0x524]
J 1210 C1 java.awt.Container.processEvent(Ljava/awt/AWTEvent;)V (22 bytes) @ 0x000001f60c3e674c [0x000001f60c3e6420+0x32c]
J 1205 C1 java.awt.Component.dispatchEventImpl(Ljava/awt/AWTEvent;)V (921 bytes) @ 0x000001f60c3ee0a4 [0x000001f60c3e8bc0+0x54e4]
J 860 C1 java.awt.Container.dispatchEventImpl(Ljava/awt/AWTEvent;)V (129 bytes) @ 0x000001f60c2d4444 [0x000001f60c2d4300+0x144]
J 1234 C1 java.awt.LightweightDispatcher.retargetMouseEvent(Ljava/awt/Component;ILjava/awt/event/MouseEvent;)V (372 bytes) @ 0x000001f60c40ccd4 [0x000001f60c40a4a0+0x2834]
J 1468 C1 java.awt.LightweightDispatcher.processMouseEvent(Ljava/awt/event/MouseEvent;)Z (286 bytes) @ 0x000001f60c4bdf14 [0x000001f60c4bc800+0x1714]
J 1228 C1 java.awt.LightweightDispatcher.dispatchEvent(Ljava/awt/AWTEvent;)Z (73 bytes) @ 0x000001f60c405a7c [0x000001f60c405640+0x43c]
J 860 C1 java.awt.Container.dispatchEventImpl(Ljava/awt/AWTEvent;)V (129 bytes) @ 0x000001f60c2d43e4 [0x000001f60c2d4300+0xe4]
J 1227 C1 java.awt.Window.dispatchEventImpl(Ljava/awt/AWTEvent;)V (23 bytes) @ 0x000001f60c4067a4 [0x000001f60c4061c0+0x5e4]
J 892 C1 java.awt.EventQueue.dispatchEventImpl(Ljava/awt/AWTEvent;Ljava/lang/Object;)V (149 bytes) @ 0x000001f60c2e793c [0x000001f60c2e6100+0x183c]
J 890 C1 java.awt.EventQueue$3.run()Ljava/lang/Void; (60 bytes) @ 0x000001f60c2e550c [0x000001f60c2e5300+0x20c]
J 889 C1 java.awt.EventQueue$3.run()Ljava/lang/Object; (5 bytes) @ 0x000001f60c2e4f8c [0x000001f60c2e4f00+0x8c]
v  ~StubRoutines::call_stub
J 799  java.security.AccessController.doPrivileged(Ljava/security/PrivilegedAction;Ljava/security/AccessControlContext;)Ljava/lang/Object; (0 bytes) @ 0x000001f60c2aeda6 [0x000001f60c2aed40+0x66]
J 1201 C1 java.awt.EventQueue$4.run()Ljava/lang/Object; (5 bytes) @ 0x000001f60c3e40ac [0x000001f60c3e3c80+0x42c]
v  ~StubRoutines::call_stub
J 799  java.security.AccessController.doPrivileged(Ljava/security/PrivilegedAction;Ljava/security/AccessControlContext;)Ljava/lang/Object; (0 bytes) @ 0x000001f60c2aeda6 [0x000001f60c2aed40+0x66]
J 842 C1 java.awt.EventQueue.dispatchEvent(Ljava/awt/AWTEvent;)V (80 bytes) @ 0x000001f60c2ca27c [0x000001f60c2c9400+0xe7c]
J 844 C1 java.awt.EventDispatchThread.pumpOneEventForFilters(I)V (190 bytes) @ 0x000001f60c2cc54c [0x000001f60c2cb400+0x114c]
j  java.awt.EventDispatchThread.pumpEventsForFilter(ILjava/awt/Conditional;Ljava/awt/EventFilter;)V+35
j  java.awt.EventDispatchThread.pumpEventsForHierarchy(ILjava/awt/Conditional;Ljava/awt/Component;)V+11
j  java.awt.EventDispatchThread.pumpEvents(ILjava/awt/Conditional;)V+4
j  java.awt.EventDispatchThread.pumpEvents(Ljava/awt/Conditional;)V+3
j  java.awt.EventDispatchThread.run()V+9
v  ~StubRoutines::call_stub

---------------  P R O C E S S  ---------------

Java Threads: ( => current thread )
  0x000001f622614800 JavaThread "Swing-Shell" daemon [_thread_blocked, id=16164, stack(0x000000f40cc00000,0x000000f40cd00000)]
  0x000001f62258c800 JavaThread "TimerQueue" daemon [_thread_blocked, id=2960, stack(0x000000f40cb00000,0x000000f40cc00000)]
  0x000001f60a713000 JavaThread "DestroyJavaVM" [_thread_blocked, id=12828, stack(0x000000f40b500000,0x000000f40b600000)]
=>0x000001f621fd2000 JavaThread "AWT-EventQueue-0" [_thread_in_native_trans, id=8772, stack(0x000000f40c700000,0x000000f40c800000)]
  0x000001f621f6a800 JavaThread "AWT-Windows" daemon [_thread_blocked, id=17036, stack(0x000000f40c600000,0x000000f40c700000)]
  0x000001f621f67800 JavaThread "AWT-Shutdown" [_thread_blocked, id=7924, stack(0x000000f40c500000,0x000000f40c600000)]
  0x000001f621f64000 JavaThread "Java2D Disposer" daemon [_thread_blocked, id=16112, stack(0x000000f40c400000,0x000000f40c500000)]
  0x000001f620e21000 JavaThread "Service Thread" daemon [_thread_blocked, id=2516, stack(0x000000f40c200000,0x000000f40c300000)]
  0x000001f620db2000 JavaThread "C1 CompilerThread2" daemon [_thread_blocked, id=17204, stack(0x000000f40c100000,0x000000f40c200000)]
  0x000001f620dab000 JavaThread "C2 CompilerThread1" daemon [_thread_blocked, id=10572, stack(0x000000f40c000000,0x000000f40c100000)]
  0x000001f620da9000 JavaThread "C2 CompilerThread0" daemon [_thread_blocked, id=12108, stack(0x000000f40bf00000,0x000000f40c000000)]
  0x000001f620da2800 JavaThread "Attach Listener" daemon [_thread_blocked, id=4160, stack(0x000000f40be00000,0x000000f40bf00000)]
  0x000001f620da8800 JavaThread "Signal Dispatcher" daemon [_thread_blocked, id=13544, stack(0x000000f40bd00000,0x000000f40be00000)]
  0x000001f620d86000 JavaThread "Finalizer" daemon [_thread_blocked, id=18376, stack(0x000000f40bc00000,0x000000f40bd00000)]
  0x000001f620d85000 JavaThread "Reference Handler" daemon [_thread_blocked, id=1312, stack(0x000000f40bb00000,0x000000f40bc00000)]

Other Threads:
  0x000001f620d62800 VMThread [stack: 0x000000f40ba00000,0x000000f40bb00000] [id=6324]
  0x000001f620e2a800 WatcherThread [stack: 0x000000f40c300000,0x000000f40c400000] [id=14900]

VM state:synchronizing (normal execution)

VM Mutex/Monitor currently owned by a thread:  ([mutex/lock_event])
[0x000001f60a70f310] Threads_lock - owner thread: 0x000001f620d62800

heap address: 0x0000000082000000, size: 2016 MB, Compressed Oops mode: 32-bit
Narrow klass base: 0x0000000000000000, Narrow klass shift: 3
Compressed class space size: 1073741824 Address: 0x0000000100000000

Heap:
 PSYoungGen      total 37888K, used 26841K [0x00000000d6000000, 0x00000000daa00000, 0x0000000100000000)
  eden space 32768K, 66% used [0x00000000d6000000,0x00000000d75642a0,0x00000000d8000000)
  from space 5120K, 96% used [0x00000000d8500000,0x00000000d89d22d8,0x00000000d8a00000)
  to   space 5120K, 0% used [0x00000000d8000000,0x00000000d8000000,0x00000000d8500000)
 ParOldGen       total 86016K, used 40754K [0x0000000082000000, 0x0000000087400000, 0x00000000d6000000)
  object space 86016K, 47% used [0x0000000082000000,0x00000000847ccb88,0x0000000087400000)
 Metaspace       used 15991K, capacity 16300K, committed 16512K, reserved 1062912K
  class space    used 2026K, capacity 2109K, committed 2176K, reserved 1048576K

Card table byte_map: [0x000001f61b3a0000,0x000001f61b7a0000] byte_map_base: 0x000001f61af90000

Marking Bits: (ParMarkBitMap*) 0x0000000077f87fe0
 Begin Bits: [0x000001f61ba40000, 0x000001f61d9c0000)
 End Bits:   [0x000001f61d9c0000, 0x000001f61f940000)

Polling page: 0x000001f60bfb0000

CodeCache: size=245760Kb used=5780Kb max_used=5807Kb free=239980Kb
 bounds [0x000001f60bfe0000, 0x000001f60c590000, 0x000001f61afe0000]
 total_blobs=2470 nmethods=1703 adapters=677
 compilation: enabled

Compilation events (10 events):
Event: 10.752 Thread 0x000001f620db2000 1700   !   3       java.awt.KeyboardFocusManager::clearMostRecentFocusOwner (110 bytes)
Event: 10.753 Thread 0x000001f620da9000 1703       4       javax.swing.plaf.nimbus.NimbusDefaults$LazyStyle::matches (229 bytes)
Event: 10.753 Thread 0x000001f620db2000 nmethod 1700 0x000001f60c57a210 code [0x000001f60c57a480, 0x000001f60c57bc00]
Event: 10.753 Thread 0x000001f620db2000 1701   !   3       java.awt.EventQueue::removeSourceEvents (294 bytes)
Event: 10.755 Thread 0x000001f620db2000 nmethod 1701 0x000001f60c57c450 code [0x000001f60c57c740, 0x000001f60c57e290]
Event: 10.755 Thread 0x000001f620db2000 1702   !   3       java.awt.Container::isParentOf (49 bytes)
Event: 10.756 Thread 0x000001f620db2000 nmethod 1702 0x000001f60c57ef10 code [0x000001f60c57f0a0, 0x000001f60c57f7b0]
Event: 10.812 Thread 0x000001f620db2000 1704       1       javax.swing.DefaultBoundedRangeModel::getValue (5 bytes)
Event: 10.812 Thread 0x000001f620db2000 nmethod 1704 0x000001f60c563850 code [0x000001f60c5639a0, 0x000001f60c563ab8]
Event: 10.866 Thread 0x000001f620da9000 nmethod 1703 0x000001f60c586750 code [0x000001f60c586bc0, 0x000001f60c58aab0]

GC Heap History (4 events):
Event: 3.590 GC heap before
{Heap before GC invocations=1 (full 0):
 PSYoungGen      total 37888K, used 28714K [0x00000000d6000000, 0x00000000d8a00000, 0x0000000100000000)
  eden space 32768K, 87% used [0x00000000d6000000,0x00000000d7c0a8e8,0x00000000d8000000)
  from space 5120K, 0% used [0x00000000d8500000,0x00000000d8500000,0x00000000d8a00000)
  to   space 5120K, 0% used [0x00000000d8000000,0x00000000d8000000,0x00000000d8500000)
 ParOldGen       total 86016K, used 0K [0x0000000082000000, 0x0000000087400000, 0x00000000d6000000)
  object space 86016K, 0% used [0x0000000082000000,0x0000000082000000,0x0000000087400000)
 Metaspace       used 15179K, capacity 15358K, committed 15744K, reserved 1062912K
  class space    used 1988K, capacity 2071K, committed 2176K, reserved 1048576K
Event: 3.601 GC heap after
Heap after GC invocations=1 (full 0):
 PSYoungGen      total 37888K, used 5036K [0x00000000d6000000, 0x00000000d8a00000, 0x0000000100000000)
  eden space 32768K, 0% used [0x00000000d6000000,0x00000000d6000000,0x00000000d8000000)
  from space 5120K, 98% used [0x00000000d8000000,0x00000000d84eb210,0x00000000d8500000)
  to   space 5120K, 0% used [0x00000000d8500000,0x00000000d8500000,0x00000000d8a00000)
 ParOldGen       total 86016K, used 11633K [0x0000000082000000, 0x0000000087400000, 0x00000000d6000000)
  object space 86016K, 13% used [0x0000000082000000,0x0000000082b5c4f8,0x0000000087400000)
 Metaspace       used 15179K, capacity 15358K, committed 15744K, reserved 1062912K
  class space    used 1988K, capacity 2071K, committed 2176K, reserved 1048576K
}
Event: 3.700 GC heap before
{Heap before GC invocations=2 (full 0):
 PSYoungGen      total 37888K, used 37499K [0x00000000d6000000, 0x00000000d8a00000, 0x0000000100000000)
  eden space 32768K, 99% used [0x00000000d6000000,0x00000000d7fb3c98,0x00000000d8000000)
  from space 5120K, 98% used [0x00000000d8000000,0x00000000d84eb210,0x00000000d8500000)
  to   space 5120K, 0% used [0x00000000d8500000,0x00000000d8500000,0x00000000d8a00000)
 ParOldGen       total 86016K, used 11633K [0x0000000082000000, 0x0000000087400000, 0x00000000d6000000)
  object space 86016K, 13% used [0x0000000082000000,0x0000000082b5c4f8,0x0000000087400000)
 Metaspace       used 15753K, capacity 16044K, committed 16256K, reserved 1062912K
  class space    used 2024K, capacity 2109K, committed 2176K, reserved 1048576K
Event: 3.715 GC heap after
Heap after GC invocations=2 (full 0):
 PSYoungGen      total 37888K, used 4936K [0x00000000d6000000, 0x00000000daa00000, 0x0000000100000000)
  eden space 32768K, 0% used [0x00000000d6000000,0x00000000d6000000,0x00000000d8000000)
  from space 5120K, 96% used [0x00000000d8500000,0x00000000d89d22d8,0x00000000d8a00000)
  to   space 5120K, 0% used [0x00000000d8000000,0x00000000d8000000,0x00000000d8500000)
 ParOldGen       total 86016K, used 40754K [0x0000000082000000, 0x0000000087400000, 0x00000000d6000000)
  object space 86016K, 47% used [0x0000000082000000,0x00000000847ccb88,0x0000000087400000)
 Metaspace       used 15753K, capacity 16044K, committed 16256K, reserved 1062912K
  class space    used 2024K, capacity 2109K, committed 2176K, reserved 1048576K
}

Deoptimization events (8 events):
Event: 0.702 Thread 0x000001f621fd2000 Uncommon trap: reason=class_check action=maybe_recompile pc=0x000001f60c1046e8 method=java.lang.String.equals(Ljava/lang/Object;)Z @ 8
Event: 0.734 Thread 0x000001f621fd2000 Uncommon trap: reason=class_check action=maybe_recompile pc=0x000001f60c1046e8 method=java.lang.String.equals(Ljava/lang/Object;)Z @ 8
Event: 0.737 Thread 0x000001f621fd2000 Uncommon trap: reason=class_check action=maybe_recompile pc=0x000001f60c1046e8 method=java.lang.String.equals(Ljava/lang/Object;)Z @ 8
Event: 0.738 Thread 0x000001f621fd2000 Uncommon trap: reason=class_check action=maybe_recompile pc=0x000001f60c1046e8 method=java.lang.String.equals(Ljava/lang/Object;)Z @ 8
Event: 2.165 Thread 0x000001f621fd2000 Uncommon trap: reason=unstable_if action=reinterpret pc=0x000001f60c2c3d94 method=java.awt.Component.inside(II)Z @ 1
Event: 2.188 Thread 0x000001f621fd2000 Uncommon trap: reason=unstable_if action=reinterpret pc=0x000001f60c26db3c method=java.awt.MultipleGradientPaintContext.indexIntoGradientsArrays(F)I @ 13
Event: 3.518 Thread 0x000001f621fd2000 Uncommon trap: reason=unstable_if action=reinterpret pc=0x000001f60c41b7b8 method=java.awt.Container.findComponentAtImpl(IIZ)Ljava/awt/Component; @ 24
Event: 10.326 Thread 0x000001f621fd2000 Uncommon trap: reason=class_check action=maybe_recompile pc=0x000001f60c56a448 method=java.awt.Container.getMouseEventTargetImpl(IIZLjava/awt/Container$EventTargetFilter;ZZ)Ljava/awt/Component; @ 191

Classes redefined (0 events):
No events

Internal exceptions (10 events):
Event: 0.432 Thread 0x000001f60a713000 Exception <a 'java/lang/ClassNotFoundException': ToolBar> (0x00000000d649fd78) thrown at [C:\jenkins\workspace\8-2-build-windows-amd64-cygwin\jdk8u271\605\hotspot\src\share\vm\classfile\systemDictionary.cpp, line 212]
Event: 0.432 Thread 0x000001f60a713000 Exception <a 'java/lang/ClassNotFoundException': ToggleButton> (0x00000000d64a0328) thrown at [C:\jenkins\workspace\8-2-build-windows-amd64-cygwin\jdk8u271\605\hotspot\src\share\vm\classfile\systemDictionary.cpp, line 212]
Event: 0.432 Thread 0x000001f60a713000 Exception <a 'java/lang/ClassNotFoundException': javax/swing/JToolBarSeparator> (0x00000000d64a0788) thrown at [C:\jenkins\workspace\8-2-build-windows-amd64-cygwin\jdk8u271\605\hotspot\src\share\vm\classfile\systemDictionary.cpp, line 212]
Event: 0.432 Thread 0x000001f60a713000 Exception <a 'java/lang/ClassNotFoundException': ToolBarSeparator> (0x00000000d64a0c20) thrown at [C:\jenkins\workspace\8-2-build-windows-amd64-cygwin\jdk8u271\605\hotspot\src\share\vm\classfile\systemDictionary.cpp, line 212]
Event: 0.432 Thread 0x000001f60a713000 Exception <a 'java/lang/ClassNotFoundException': ToolTip> (0x00000000d64a1360) thrown at [C:\jenkins\workspace\8-2-build-windows-amd64-cygwin\jdk8u271\605\hotspot\src\share\vm\classfile\systemDictionary.cpp, line 212]
Event: 0.433 Thread 0x000001f60a713000 Exception <a 'java/lang/ClassNotFoundException': Tree> (0x00000000d64a1f80) thrown at [C:\jenkins\workspace\8-2-build-windows-amd64-cygwin\jdk8u271\605\hotspot\src\share\vm\classfile\systemDictionary.cpp, line 212]
Event: 0.433 Thread 0x000001f60a713000 Exception <a 'java/lang/ClassNotFoundException': Tree> (0x00000000d64a26c0) thrown at [C:\jenkins\workspace\8-2-build-windows-amd64-cygwin\jdk8u271\605\hotspot\src\share\vm\classfile\systemDictionary.cpp, line 212]
Event: 0.433 Thread 0x000001f60a713000 Exception <a 'java/lang/ClassNotFoundException': javax/swing/JTreeCell> (0x00000000d64a2a40) thrown at [C:\jenkins\workspace\8-2-build-windows-amd64-cygwin\jdk8u271\605\hotspot\src\share\vm\classfile\systemDictionary.cpp, line 212]
Event: 0.433 Thread 0x000001f60a713000 Exception <a 'java/lang/ClassNotFoundException': TreeCell> (0x00000000d64a2ec8) thrown at [C:\jenkins\workspace\8-2-build-windows-amd64-cygwin\jdk8u271\605\hotspot\src\share\vm\classfile\systemDictionary.cpp, line 212]
Event: 0.434 Thread 0x000001f60a713000 Exception <a 'java/lang/ClassNotFoundException': RootPane> (0x00000000d64a3928) thrown at [C:\jenkins\workspace\8-2-build-windows-amd64-cygwin\jdk8u271\605\hotspot\src\share\vm\classfile\systemDictionary.cpp, line 212]

Events (10 events):
Event: 8.882 Thread 0x000001f621cc4800 Thread exited: 0x000001f621cc4800
Event: 10.326 Thread 0x000001f621fd2000 Uncommon trap: trap_request=0xffffffde fr.pc=0x000001f60c56a448
Event: 10.326 Thread 0x000001f621fd2000 DEOPT PACKING pc=0x000001f60c56a448 sp=0x000000f40c7f9870
Event: 10.326 Thread 0x000001f621fd2000 DEOPT UNPACKING pc=0x000001f60c025843 sp=0x000000f40c7f9798 mode 2
Event: 10.751 Executing VM operation: RevokeBias
Event: 10.751 Executing VM operation: RevokeBias done
Event: 10.754 loading class javax/swing/text/GapContent$RemoveUndo
Event: 10.812 loading class javax/swing/text/GapContent$RemoveUndo done
Event: 10.812 loading class javax/swing/text/GapContent$UndoPosRef
Event: 10.812 loading class javax/swing/text/GapContent$UndoPosRef done


Dynamic libraries:
0x00007ff62a820000 - 0x00007ff62a867000 	C:\Program Files\Java\jdk1.8.0_271\bin\java.exe
0x00007ff965970000 - 0x00007ff965b65000 	C:\Windows\SYSTEM32\ntdll.dll
0x00007ff964180000 - 0x00007ff96423e000 	C:\Windows\System32\KERNEL32.DLL
0x00007ff963090000 - 0x00007ff963359000 	C:\Windows\System32\KERNELBASE.dll
0x00007ff964840000 - 0x00007ff9648ec000 	C:\Windows\System32\ADVAPI32.dll
0x00007ff964f10000 - 0x00007ff964fae000 	C:\Windows\System32\msvcrt.dll
0x00007ff9645f0000 - 0x00007ff96468b000 	C:\Windows\System32\sechost.dll
0x00007ff965660000 - 0x00007ff96578a000 	C:\Windows\System32\RPCRT4.dll
0x00007ff964690000 - 0x00007ff964831000 	C:\Windows\System32\USER32.dll
0x00007ff9634c0000 - 0x00007ff9634e2000 	C:\Windows\System32\win32u.dll
0x00007ff964c80000 - 0x00007ff964cab000 	C:\Windows\System32\GDI32.dll
0x00007ff963780000 - 0x00007ff96388b000 	C:\Windows\System32\gdi32full.dll
0x00007ff963920000 - 0x00007ff9639bd000 	C:\Windows\System32\msvcp_win.dll
0x00007ff963680000 - 0x00007ff963780000 	C:\Windows\System32\ucrtbase.dll
0x00007ff9501c0000 - 0x00007ff95045a000 	C:\Windows\WinSxS\amd64_microsoft.windows.common-controls_6595b64144ccf1df_6.0.19041.1110_none_60b5254171f9507e\COMCTL32.dll
0x00007ff9645c0000 - 0x00007ff9645f0000 	C:\Windows\System32\IMM32.DLL
0x00007ff93ad20000 - 0x00007ff93ad35000 	C:\Program Files\Java\jdk1.8.0_271\jre\bin\vcruntime140.dll
0x00007ff931990000 - 0x00007ff931a2b000 	C:\Program Files\Java\jdk1.8.0_271\jre\bin\msvcp140.dll
0x0000000077790000 - 0x0000000077fff000 	C:\Program Files\Java\jdk1.8.0_271\jre\bin\server\jvm.dll
0x00007ff964900000 - 0x00007ff964908000 	C:\Windows\System32\PSAPI.DLL
0x00007ff953bd0000 - 0x00007ff953bd9000 	C:\Windows\SYSTEM32\WSOCK32.dll
0x00007ff964cb0000 - 0x00007ff964d1b000 	C:\Windows\System32\WS2_32.dll
0x00007ff94eb70000 - 0x00007ff94eb97000 	C:\Windows\SYSTEM32\WINMM.dll
0x00007ff959bf0000 - 0x00007ff959bfa000 	C:\Windows\SYSTEM32\VERSION.dll
0x00007ff961020000 - 0x00007ff961032000 	C:\Windows\SYSTEM32\kernel.appcore.dll
0x00007ff95e740000 - 0x00007ff95e750000 	C:\Program Files\Java\jdk1.8.0_271\jre\bin\verify.dll
0x00007ff931b90000 - 0x00007ff931bbb000 	C:\Program Files\Java\jdk1.8.0_271\jre\bin\java.dll
0x00007ff93a980000 - 0x00007ff93a998000 	C:\Program Files\Java\jdk1.8.0_271\jre\bin\zip.dll
0x00007ff963a40000 - 0x00007ff96417f000 	C:\Windows\System32\SHELL32.dll
0x00007ff961190000 - 0x00007ff961920000 	C:\Windows\SYSTEM32\windows.storage.dll
0x00007ff964260000 - 0x00007ff9645b5000 	C:\Windows\System32\combase.dll
0x00007ff962ae0000 - 0x00007ff962b0c000 	C:\Windows\SYSTEM32\Wldp.dll
0x00007ff964e60000 - 0x00007ff964f0e000 	C:\Windows\System32\SHCORE.dll
0x00007ff965060000 - 0x00007ff9650b5000 	C:\Windows\System32\shlwapi.dll
0x00007ff962fd0000 - 0x00007ff962fef000 	C:\Windows\SYSTEM32\profapi.dll
0x00007ff92c910000 - 0x00007ff92caa4000 	C:\Program Files\Java\jdk1.8.0_271\jre\bin\awt.dll
0x00007ff965790000 - 0x00007ff96585d000 	C:\Windows\System32\OLEAUT32.dll
0x00007ff960540000 - 0x00007ff9605d0000 	C:\Windows\SYSTEM32\apphelp.dll
0x00007ff9606d0000 - 0x00007ff96076e000 	C:\Windows\system32\uxtheme.dll
0x00007ff965540000 - 0x00007ff965655000 	C:\Windows\System32\MSCTF.dll
0x00007ff964910000 - 0x00007ff964a3a000 	C:\Windows\System32\ole32.dll
0x00007ff9635f0000 - 0x00007ff963673000 	C:\Windows\System32\bcryptPrimitives.dll
0x00007ff960800000 - 0x00007ff96082f000 	C:\Windows\system32\DWMAPI.DLL
0x00007ff931a90000 - 0x00007ff931ad9000 	C:\Program Files\Java\jdk1.8.0_271\jre\bin\fontmanager.dll
0x00007ff94d820000 - 0x00007ff94d945000 	C:\Windows\system32\opengl32.dll
0x00007ff94b4c0000 - 0x00007ff94b4ec000 	C:\Windows\SYSTEM32\GLU32.dll
0x00007ff964fb0000 - 0x00007ff965059000 	C:\Windows\System32\clbcatq.dll
0x00007ff95dc10000 - 0x00007ff95ddc4000 	C:\Windows\SYSTEM32\WindowsCodecs.dll
0x00007ff963890000 - 0x00007ff9638b7000 	C:\Windows\System32\bcrypt.dll
0x00007ff8fc350000 - 0x00007ff8fc38e000 	C:\Windows\system32\dataexchange.dll
0x00007ff95f820000 - 0x00007ff95fa06000 	C:\Windows\system32\dcomp.dll
0x00007ff95f5b0000 - 0x00007ff95f814000 	C:\Windows\system32\d3d11.dll
0x00007ff961980000 - 0x00007ff961a74000 	C:\Windows\system32\dxgi.dll
0x00007ff95d7c0000 - 0x00007ff95d9c1000 	C:\Windows\system32\twinapi.appcore.dll
0x00007ff933f30000 - 0x00007ff933f4c000 	C:\Program Files\Java\jdk1.8.0_271\jre\bin\net.dll
0x00007ff9627d0000 - 0x00007ff96283a000 	C:\Windows\system32\mswsock.dll
0x00007ff931b70000 - 0x00007ff931b83000 	C:\Program Files\Java\jdk1.8.0_271\jre\bin\nio.dll
0x00007ff9317b0000 - 0x00007ff9317f3000 	C:\Program Files\Java\jdk1.8.0_271\jre\bin\t2k.dll
0x00007ff951d00000 - 0x00007ff951df9000 	C:\Windows\SYSTEM32\textinputframework.dll
0x00007ff95fed0000 - 0x00007ff96022e000 	C:\Windows\System32\CoreUIComponents.dll
0x00007ff960230000 - 0x00007ff960322000 	C:\Windows\System32\CoreMessaging.dll
0x00007ff961d80000 - 0x00007ff961db3000 	C:\Windows\SYSTEM32\ntmarta.dll
0x00007ff95e9d0000 - 0x00007ff95eb24000 	C:\Windows\SYSTEM32\wintypes.dll
0x00007ff93ad60000 - 0x00007ff93ad8a000 	C:\Program Files\Java\jdk1.8.0_271\jre\bin\dcpr.dll
0x00007ff8d9f80000 - 0x00007ff8dcfc6000 	D:\NKKH\opencv\build\java\x64\opencv_java451.dll
0x00007ff95a8f0000 - 0x00007ff95aaac000 	C:\Windows\SYSTEM32\MFPlat.DLL
0x00007ff907d00000 - 0x00007ff907d84000 	C:\Windows\SYSTEM32\MF.dll
0x00007ff931800000 - 0x00007ff93190a000 	C:\Windows\SYSTEM32\MFReadWrite.dll
0x00007ff9634f0000 - 0x00007ff96353e000 	C:\Windows\System32\cfgmgr32.dll
0x00007ff8e40a0000 - 0x00007ff8e4531000 	C:\Windows\SYSTEM32\MFCORE.DLL
0x00007ff963360000 - 0x00007ff9634b6000 	C:\Windows\System32\CRYPT32.dll
0x00007ff962a90000 - 0x00007ff962adb000 	C:\Windows\SYSTEM32\powrprof.dll
0x00007ff952170000 - 0x00007ff952179000 	C:\Windows\SYSTEM32\ksuser.dll
0x00007ff9629e0000 - 0x00007ff9629ec000 	C:\Windows\SYSTEM32\CRYPTBASE.DLL
0x00007ff95a7d0000 - 0x00007ff95a800000 	C:\Windows\SYSTEM32\RTWorkQ.DLL
0x00007ff962a70000 - 0x00007ff962a82000 	C:\Windows\SYSTEM32\UMPDC.dll
0x00007ff914290000 - 0x00007ff914340000 	C:\Windows\WinSxS\amd64_microsoft.windows.common-controls_6595b64144ccf1df_5.82.19041.1110_none_792d1c772443f647\comctl32.dll
0x00007ff95e720000 - 0x00007ff95e737000 	C:\Windows\system32\NetworkExplorer.dll
0x00007ff95e8d0000 - 0x00007ff95e9c6000 	C:\Windows\system32\PROPSYS.dll
0x00007ff94f730000 - 0x00007ff94f74d000 	C:\Windows\SYSTEM32\MPR.dll
0x00007ff95efc0000 - 0x00007ff95efcb000 	C:\Windows\System32\drprov.dll
0x00007ff962330000 - 0x00007ff96238a000 	C:\Windows\System32\WINSTA.dll
0x00007ff8ee660000 - 0x00007ff8ee682000 	C:\Windows\System32\ntlanman.dll
0x00007ff91b310000 - 0x00007ff91b32e000 	C:\Windows\System32\davclnt.dll
0x00007ff934ab0000 - 0x00007ff934abd000 	C:\Windows\System32\DAVHLPR.dll
0x00007ff962210000 - 0x00007ff962227000 	C:\Windows\System32\wkscli.dll
0x00007ff949cd0000 - 0x00007ff949ce2000 	C:\Windows\SYSTEM32\cscapi.dll
0x00007ff9625d0000 - 0x00007ff9625dc000 	C:\Windows\System32\netutils.dll
0x00007ff904c60000 - 0x00007ff904cb8000 	C:\Windows\System32\dlnashext.dll
0x00007ff9316f0000 - 0x00007ff931754000 	C:\Windows\System32\PlayToDevice.dll
0x00007ff94ffb0000 - 0x00007ff94ffd0000 	C:\Windows\System32\DevDispItemProvider.dll
0x00007ff95a360000 - 0x00007ff95a3e5000 	C:\Windows\System32\MMDevApi.dll
0x00007ff962e30000 - 0x00007ff962e64000 	C:\Windows\System32\DEVOBJ.dll
0x00007ff92d660000 - 0x00007ff92d703000 	C:\Windows\system32\wpdshext.dll
0x00007ff94ffd0000 - 0x00007ff950179000 	C:\Windows\WinSxS\amd64_microsoft.windows.gdiplus_6595b64144ccf1df_1.1.19041.1151_none_91a40286cc884949\gdiplus.dll
0x00007ff90abf0000 - 0x00007ff90ac93000 	C:\Windows\System32\PortableDeviceApi.dll
0x00007ff9650c0000 - 0x00007ff965532000 	C:\Windows\System32\SETUPAPI.dll
0x00007ff9638c0000 - 0x00007ff963920000 	C:\Windows\System32\WINTRUST.dll
0x00007ff962c70000 - 0x00007ff962c82000 	C:\Windows\System32\MSASN1.dll
0x00007ff959df0000 - 0x00007ff959e27000 	C:\Windows\System32\EhStorShell.dll
0x00007ff934e40000 - 0x00007ff934e66000 	C:\Windows\System32\EhStorAPI.dll
0x00007ff960f20000 - 0x00007ff960f34000 	C:\Windows\System32\WTSAPI32.dll
0x00007ff915ab0000 - 0x00007ff915abd000 	C:\Windows\SYSTEM32\LINKINFO.dll
0x00007ff960d30000 - 0x00007ff960f14000 	C:\Windows\SYSTEM32\dbghelp.dll

VM Arguments:
jvm_args: -Dfile.encoding=UTF-8 -Djava.library.path=D:\NKKH\opencv\build\java\x64 
java_command: Main
java_class_path (initial): D:\NKKH\opencv\build\java\opencv-451.jar;C:\Users\HUYENKUTE\Desktop\huong doi tuongCoNguyen\poi-bin-5.0.0-20210120\poi-5.0.0\poi-5.0.0.jar;C:\Users\HUYENKUTE\Desktop\huong doi tuongCoNguyen\poi-bin-5.0.0-20210120\poi-5.0.0\poi-examples-5.0.0.jar;C:\Users\HUYENKUTE\Desktop\huong doi tuongCoNguyen\poi-bin-5.0.0-20210120\poi-5.0.0\poi-excelant-5.0.0.jar;C:\Users\HUYENKUTE\Desktop\huong doi tuongCoNguyen\poi-bin-5.0.0-20210120\poi-5.0.0\poi-integration-5.0.0.jar;C:\Users\HUYENKUTE\Desktop\huong doi tuongCoNguyen\poi-bin-5.0.0-20210120\poi-5.0.0\poi-ooxml-5.0.0.jar;C:\Users\HUYENKUTE\Desktop\huong doi tuongCoNguyen\poi-bin-5.0.0-20210120\poi-5.0.0\poi-ooxml-full-5.0.0.jar;C:\Users\HUYENKUTE\Desktop\huong doi tuongCoNguyen\poi-bin-5.0.0-20210120\poi-5.0.0\poi-ooxml-lite-5.0.0.jar;C:\Users\HUYENKUTE\Desktop\huong doi tuongCoNguyen\poi-bin-5.0.0-20210120\poi-5.0.0\poi-scratchpad-5.0.0.jar;C:\Users\HUYENKUTE\Desktop\huong doi tuongCoNguyen\Thu vien ket noi\sqljdbc42.jar;C:\Users\HUYENKUTE\Desktop\ThuVienPoi\poi-5.0.0\lib\SparseBitSet-1.2.jar;C:\Users\HUYENKUTE\Desktop\ThuVienPoi\poi-5.0.0\lib\commons-codec-1.15.jar;C:\Users\HUYENKUTE\Desktop\ThuVienPoi\poi-5.0.0\lib\commons-collections4-4.4.jar;C:\Users\HUYENKUTE\Desktop\ThuVienPoi\poi-5.0.0\lib\commons-math3-3.6.1.jar;C:\Users\HUYENKUTE\Desktop\ThuVienPoi\poi-5.0.0\ooxml-lib\commons-compress-1.20.jar;C:\Users\HUYENKUTE\Desktop\ThuVienPoi\poi-5.0.0\ooxml-lib\curvesapi-1.06.jar;C:\Users\HUYENKUTE\Desktop\ThuVienPoi\poi-5.0.0\ooxml-lib\xmlbeans-4.0.0.jar;D:\NKKH\Thu Vien Bo Sung\gembox-spreadsheet.jar;D:\NKKH\DOCDIEM\SoreReadApplication\build\classes
Launcher Type: SUN_STANDARD

Environment Variables:
PATH=C:\Program Files\Microsoft MPI\Bin\;C:\Program Files (x86)\VMware\VMware Player\bin\;C:\Program Files (x86)\Common Files\Oracle\Java\javapath;C:\MinGW\bin\;C:\Windows\system32;C:\Windows;C:\Windows\System32\Wbem;C:\Windows\System32\WindowsPowerShell\v1.0\;C:\Windows\System32\OpenSSH\;C:\Program Files\Microsoft SQL Server\Client SDK\ODBC\170\Tools\Binn\;C:\Program Files (x86)\Microsoft SQL Server\150\Tools\Binn\;C:\Program Files\Microsoft SQL Server\150\Tools\Binn\;C:\Program Files\Microsoft SQL Server\150\DTS\Binn\;C:\Program Files (x86)\Microsoft SQL Server\150\DTS\Binn\;C:\Program Files\Azure Data Studio\bin;D:\NKKH\opencv\build\x64\vc15\bin;C:\Program Files\dotnet\;C:\Users\HUYENKUTE\AppData\Local\Microsoft\WindowsApps;;C:\Users\HUYENKUTE\AppData\Local\Programs\Microsoft VS Code\bin;C:\Program Files\Azure Data Studio\bin;C:\Users\HUYENKUTE\.dotnet\tools
USERNAME=HUYENKUTE
OS=Windows_NT
PROCESSOR_IDENTIFIER=Intel64 Family 6 Model 142 Stepping 9, GenuineIntel



---------------  S Y S T E M  ---------------

OS: Windows 10.0 , 64 bit Build 19041 (10.0.19041.1202)

CPU:total 4 (initial active 4) (2 cores per cpu, 2 threads per core) family 6 model 142 stepping 9, cmov, cx8, fxsr, mmx, sse, sse2, sse3, ssse3, sse4.1, sse4.2, popcnt, avx, avx2, aes, clmul, erms, 3dnowpref, lzcnt, ht, tsc, tscinvbit, bmi1, bmi2, adx

Memory: 4k page, physical 8251348k(1140904k free), swap 18212820k(2449704k free)

vm_info: Java HotSpot(TM) 64-Bit Server VM (25.271-b09) for windows-amd64 JRE (1.8.0_271-b09), built on Sep 16 2020 19:14:59 by "" with MS VC++ 15.9 (VS2017)

time: Sat Sep 25 01:42:38 2021
timezone: SE Asia Standard Time
elapsed time: 13.552622 seconds (0d 0h 0m 13s)

